\BOOKMARK [0][]{cabstract.0}{\376\377\144\130\211\201}{}% 1
\BOOKMARK [0][]{chapter*.1}{\376\377\144\130\211\201}{}% 2
\BOOKMARK [0][]{chapter*.1}{\376\377\166\356\137\125}{}% 3
\BOOKMARK [0][]{contents.0}{\376\377\166\356\137\125}{}% 4
\BOOKMARK [0][]{chapter.1}{\376\377\173\054\116\000\172\340\000\040\000\040\137\025\213\272}{}% 5
\BOOKMARK [1][-]{section.1.1}{\376\377\0001\000.\0001\000\040\170\024\172\166\200\314\146\157}{chapter.1}% 6
\BOOKMARK [1][-]{section.1.2}{\376\377\0001\000.\0002\000\040\170\024\172\166\225\356\230\230}{chapter.1}% 7
\BOOKMARK [1][-]{section.1.3}{\376\377\0001\000.\0003\000\040\170\024\172\166\215\041\163\056}{chapter.1}% 8
\BOOKMARK [1][-]{section.1.4}{\376\377\0001\000.\0004\000\040\213\272\145\207\176\323\147\204\133\211\143\222}{chapter.1}% 9
\BOOKMARK [0][]{chapter.2}{\376\377\173\054\116\214\172\340\000\040\000\040\145\207\163\056\176\374\217\360}{}% 10
\BOOKMARK [1][-]{section.2.1}{\376\377\0002\000.\0001\000\040\131\324\142\130\116\343\164\006\164\006\213\272\116\016\117\341\140\157\116\015\133\371\171\360}{chapter.2}% 11
\BOOKMARK [1][-]{section.2.2}{\376\377\0002\000.\0002\000\040\157\300\122\261\164\006\213\272\116\016\131\121\176\246\213\276\213\241}{chapter.2}% 12
\BOOKMARK [1][-]{section.2.3}{\376\377\0002\000.\0003\000\040\123\132\137\010\213\272\211\306\211\322\116\013\166\204\226\307\117\143\121\163\174\373}{chapter.2}% 13
\BOOKMARK [1][-]{section.2.4}{\376\377\0002\000.\0004\000\040\176\304\176\307\210\114\116\072\133\146\116\016\137\303\164\006\133\146\211\302\160\271}{chapter.2}% 14
\BOOKMARK [1][-]{section.2.5}{\376\377\0002\000.\0005\000\040\145\207\163\056\217\360\213\304\116\016\147\054\170\024\172\166\133\232\117\115}{chapter.2}% 15
\BOOKMARK [0][]{chapter.3}{\376\377\173\054\116\011\172\340\000\040\000\040\164\006\213\272\152\041\127\213\147\204\136\372}{}% 16
\BOOKMARK [1][-]{section.3.1}{\376\377\0003\000.\0001\000\040\152\041\127\213\127\372\147\054\213\276\133\232}{chapter.3}% 17
\BOOKMARK [2][-]{subsection.3.1.1}{\376\377\0003\000.\0001\000.\0001\000\040\226\307\124\130\166\204\122\252\122\233\116\016\142\020\147\054}{section.3.1}% 18
\BOOKMARK [2][-]{subsection.3.1.2}{\376\377\0003\000.\0001\000.\0002\000\040\116\247\121\372\116\016\145\057\116\330}{section.3.1}% 19
\BOOKMARK [1][-]{section.3.2}{\376\377\0003\000.\0002\000\040\226\307\124\130\210\114\116\072\122\006\147\220\377\032\126\372\133\232\135\345\215\104\116\016\166\321\167\143}{chapter.3}% 20
\BOOKMARK [0][]{chapter.4}{\376\377\173\054\126\333\172\340\000\040\000\040\152\041\127\213\122\006\147\220}{}% 21
\BOOKMARK [1][-]{section.4.1}{\376\377\0004\000.\0001\000\040\226\307\124\130\147\000\117\030\122\252\122\233\121\263\173\126\122\006\147\220}{chapter.4}% 22
\BOOKMARK [1][-]{section.4.2}{\376\377\0004\000.\0002\000\040\226\307\116\073\166\204\131\121\176\246\213\276\213\241\225\356\230\230}{chapter.4}% 23
\BOOKMARK [1][-]{section.4.3}{\376\377\0004\000.\0003\000\040\147\000\117\030\131\121\176\246\122\006\147\220\377\032\126\372\133\232\135\345\215\104\116\016\166\321\167\143}{chapter.4}% 24
\BOOKMARK [1][-]{section.4.4}{\376\377\0004\000.\0004\000\040\123\302\145\160\123\330\123\026\133\371\147\000\117\030\131\121\176\246\166\204\137\161\124\315\377\010\153\324\217\203\227\131\140\001\122\006\147\220\377\011}{chapter.4}% 25
\BOOKMARK [1][-]{section.4.5}{\376\377\0004\000.\0005\000\040\152\041\127\213\134\100\226\120\116\016\213\250\213\272}{chapter.4}% 26
\BOOKMARK [0][]{chapter.5}{\376\377\173\054\116\224\172\340\000\040\000\040\133\236\213\301\152\041\127\213\116\016\176\323\147\234}{}% 27
\BOOKMARK [1][-]{section.5.1}{\376\377\0005\000.\0001\000\040\152\041\127\213\213\276\133\232}{chapter.5}% 28
\BOOKMARK [1][-]{section.5.2}{\376\377\0005\000.\0002\000\040\145\160\143\156\116\016\123\330\221\317\213\364\146\016}{chapter.5}% 29
\BOOKMARK [2][-]{subsection.5.2.1}{\376\377\0005\000.\0002\000.\0001\000\040\145\160\143\156\147\145\156\220}{section.5.2}% 30
\BOOKMARK [2][-]{subsection.5.2.2}{\376\377\0005\000.\0002\000.\0002\000\040\123\330\221\317\155\113\221\317}{section.5.2}% 31
\BOOKMARK [1][-]{section.5.3}{\376\377\0005\000.\0003\000\040\127\372\121\306\126\336\137\122\176\323\147\234}{chapter.5}% 32
\BOOKMARK [1][-]{section.5.4}{\376\377\0005\000.\0004\000\040\176\323\147\234\172\063\120\145\140\047\116\016\213\250\213\272}{chapter.5}% 33
\BOOKMARK [0][]{chapter.6}{\376\377\173\054\121\155\172\340\000\040\000\040\140\073\176\323\116\016\134\125\147\033}{}% 34
\BOOKMARK [1][-]{section.6.1}{\376\377\0006\000.\0001\000\040\170\024\172\166\176\323\213\272\140\073\176\323}{chapter.6}% 35
\BOOKMARK [1][-]{section.6.2}{\376\377\0006\000.\0002\000\040\164\006\213\272\141\017\116\111}{chapter.6}% 36
\BOOKMARK [1][-]{section.6.3}{\376\377\0006\000.\0003\000\040\133\236\215\365\124\057\171\072}{chapter.6}% 37
\BOOKMARK [1][-]{section.6.4}{\376\377\0006\000.\0004\000\040\170\024\172\166\134\100\226\120\140\047}{chapter.6}% 38
\BOOKMARK [1][-]{section.6.5}{\376\377\0006\000.\0005\000\040\147\052\147\145\170\024\172\166\145\271\124\021}{chapter.6}% 39
\BOOKMARK [0][]{appendix*.4}{\376\377\123\302\200\003\145\207\163\056}{}% 40
\BOOKMARK [0][]{appendix*.5}{\376\377\201\364\214\042}{}% 41
\BOOKMARK [0][]{appendix*.6}{\376\377\123\027\116\254\131\047\133\146\133\146\117\115\213\272\145\207\123\237\122\033\140\047\130\360\146\016\124\214\117\177\165\050\143\210\147\103\213\364\146\016}{}% 42
